<?xml version="1.0" encoding="utf-8"?><testsuites><testsuite name="pytest" errors="0" failures="5" skipped="1" tests="66" time="1.242" timestamp="2026-05-07T22:01:47.885923+02:00" hostname="X13-Dario"><testcase classname="test_contracts.TestR1_FrontendToCRM_NewRegistration" name="test_frontend_new_registration_validates_against_frontend_xsd" time="0.007" /><testcase classname="test_contracts.TestR1_CRMToKassa_NewRegistration" name="test_crm_new_registration_validates_against_kassa_xsd" time="0.002" /><testcase classname="test_contracts.TestS1_FrontendToPlanning_SessionCreateRequest" name="test_frontend_session_create_request_validates_against_planning_xsd" time="0.002" /><testcase classname="test_contracts.TestS1_PlanningToFrontend_SessionCreated" name="test_planning_session_created_validates_against_frontend_xsd" time="0.001" /><testcase classname="test_contracts.TestS1_PlanningToFrontend_SessionCreated" name="test_planning_session_created_validates_against_own_xsd" time="0.001" /><testcase classname="test_contracts.TestS2_FrontendToPlanning_SessionViewRequest" name="test_frontend_session_view_request_validates_against_planning_xsd" time="0.001" /><testcase classname="test_contracts.TestS2_PlanningToFrontend_SessionViewResponse" name="test_planning_session_view_response_validates_against_planning_xsd" time="0.001" /><testcase classname="test_contracts.TestS2_PlanningToFrontend_SessionViewResponse" name="test_planning_session_view_response_validates_against_frontend_xsd" time="0.001" /><testcase classname="test_contracts.TestS3_PlanningToFrontend_SessionUpdated" name="test_planning_session_updated_validates_against_frontend_xsd" time="0.001" /><testcase classname="test_contracts.TestS4_FrontendToPlanning_SessionDeleteRequest" name="test_frontend_session_delete_request_validates_against_planning_xsd" time="0.001" /><testcase classname="test_contracts.TestS4_PlanningToFrontend_SessionDeleted" name="test_planning_session_deleted_validates_against_frontend_xsd" time="0.001" /><testcase classname="test_contracts.TestN1_FrontendToPlanning_CalendarInvite" name="test_frontend_calendar_invite_validates_against_planning_xsd" time="0.002" /><testcase classname="test_contracts.TestN1_FrontendToPlanning_CalendarInvite" name="test_frontend_calendar_invite_validates_against_own_xsd" time="0.002" /><testcase classname="test_contracts.TestN1_PlanningToFrontend_CalendarInviteConfirmed" name="test_planning_calendar_invite_confirmed_validates_against_frontend_xsd" time="0.001" /><testcase classname="test_contracts.TestK1_KassaToCRM_PaymentRegistered" name="test_kassa_payment_registered_validates_against_kassa_xsd" time="0.001" /><testcase classname="test_contracts.TestK1_CRMToFacturatie_PaymentRegistered" name="test_crm_payment_registered_validates_against_facturatie_xsd" time="0.001" /><testcase classname="test_contracts.TestK2_KassaToCRM_ConsumptionOrder" name="test_kassa_consumption_order_validates_against_kassa_xsd" time="0.002" /><testcase classname="test_contracts.TestK2_CRMToFacturatie_ConsumptionOrder" name="test_crm_consumption_order_validates_against_facturatie_xsd" time="0.002" /><testcase classname="test_contracts.TestF1_CRMToFacturatie_InvoiceRequest" name="test_crm_invoice_request_validates_against_facturatie_xsd" time="0.001" /><testcase classname="test_contracts.TestF1_FacturatieToCRM_InvoiceStatus" name="test_facturatie_invoice_status_validates_against_facturatie_xsd" time="0.001" /><testcase classname="test_contracts.TestF1_FacturatieToMailing_SendMailing" name="test_facturatie_send_mailing_validates_against_facturatie_xsd" time="0.002" /><testcase classname="test_contracts.TestF2_CRMToFacturatie_InvoiceCancelled" name="test_crm_invoice_cancelled_validates_against_facturatie_xsd" time="0.001" /><testcase classname="test_contracts.TestO1_Heartbeat" name="test_heartbeat_validates_against_heartbeat_xsd" time="0.001" /><testcase classname="test_contracts.TestCrossTeam_ConsumptionOrder_KassaVsFacturatie" name="test_same_consumption_order_validates_both_xsds" time="0.001" /><testcase classname="test_contracts.TestCrossTeam_SessionCreated_PlanningVsFrontend" name="test_same_session_created_validates_both_xsds" time="0.001" /><testcase classname="test_contracts.TestCrossTeam_CalendarInvite_FrontendVsPlanning" name="test_same_calendar_invite_validates_both_xsds" time="0.001" /><testcase classname="test_contracts.TestCrossTeam_SessionViewRequest_FrontendVsPlanning" name="test_same_session_view_request_validates_both_xsds" time="0.001" /><testcase classname="test_contracts.TestCrossTeam_SessionViewResponse_PlanningVsFrontend" name="test_same_session_view_response_validates_both_xsds" time="0.001" /><testcase classname="test_contracts.TestR1_FrontendToCRM_UserCreated" name="test_frontend_user_created_validates_against_crm_xsd" time="0.001" /><testcase classname="test_contracts.TestR1_FrontendToCRM_UserRegistered" name="test_frontend_user_registered_validates_against_crm_xsd" time="0.001" /><testcase classname="test_contracts.TestR4_FrontendToCRM_UserUpdated" name="test_frontend_user_updated_validates_against_crm_xsd" time="0.002" /><testcase classname="test_contracts.TestR5_FrontendToCRM_UserDeleted" name="test_frontend_user_deleted_validates_against_crm_xsd" time="0.002" /><testcase classname="test_contracts.TestB1_FrontendToCRM_BusinessInvite" name="test_frontend_business_invite_validates_against_crm_xsd" time="0.002" /><testcase classname="test_contracts.TestN2_FrontendToCRM_CancelRegistration" name="test_frontend_cancel_registration_validates_against_crm_xsd" time="0.001" /><testcase classname="test_contracts.TestO4_FrontendToCRM_EventEnded" name="test_frontend_event_ended_validates_against_crm_xsd" time="0.001" /><testcase classname="test_contracts.TestOps_Log" name="test_frontend_log_validates_against_monitoring_xsd" time="0.001" /><testcase classname="test_contracts.TestE1_KassaToMonitoring_SystemError" name="test_kassa_system_error_validates_against_monitoring_xsd" time="0.001" /><testcase classname="test_contracts.TestK5_CRMToKassa_WalletRemoteTopup" name="test_crm_wallet_remote_topup_validates_against_kassa_xsd" time="0.002" /><testcase classname="test_contracts.TestK4_CRMToKassa_WalletLeaseGrant" name="test_crm_wallet_lease_grant_validates_against_kassa_xsd" time="0.002" /><testcase classname="test_contracts.TestK2_CRMToFrontend_WalletBalanceUpdate" name="test_crm_wallet_balance_update_validates_against_frontend_xsd" time="0.001" /><testcase classname="test_contracts.TestS5_PlanningToFrontend_SessionOccupancyUpdate" name="test_planning_session_occupancy_update_validates_against_frontend_xsd" time="0.001" /><testcase classname="test_contracts.TestE2_CRMToFrontend_VatValidationError" name="test_crm_vat_validation_error_validates_against_frontend_xsd" time="0.001" /><testcase classname="test_contracts.TestF1_FacturatieToFrontend_InvoiceAvailable" name="test_facturatie_invoice_available_validates_against_frontend_xsd" time="0.001" /><testcase classname="test_contracts.TestR4_CRMToFacturatie_ProfileUpdate" name="test_crm_profile_update_validates_against_facturatie_xsd" time="0.001" /><testcase classname="test_contracts.TestM1_CRMToMailing_SendMailing" name="test_crm_send_mailing_validates_against_mailing_xsd" time="0.001" /><testcase classname="test_contracts.TestE1_MonitoringToMailing_SystemAlert" name="test_monitoring_system_alert_validates_against_mailing_xsd" time="0.001" /><testcase classname="test_contracts.TestContractRejections" name="test_reject_xmlns_in_header" time="0.001" /><testcase classname="test_contracts.TestContractRejections" name="test_reject_version_1_0" time="0.001" /><testcase classname="test_contracts.TestContractRejections" name="test_reject_age_instead_of_date_of_birth" time="0.001" /><testcase classname="test_contracts.TestContractRejections" name="test_reject_missing_currency_attribute" time="0.001" /><testcase classname="test_dod_checks.TestDoD_Infra" name="test_kubernetes_manifests_exist" time="0.122" /><testcase classname="test_dod_checks.TestDoD_Infra" name="test_security_checks_documented" time="0.001"><failure message="AssertionError: Security checklist documentation is missing. Expected 'security.md' in Infra/docs or root docs.&#10;assert (False or False)&#10; +  where False = exists()&#10; +    where exists = WindowsPath('C:/Users/Dario/OneDrive - Erasmushogeschool Brussel/Erasmus Hogeschool/2025-2026/Integration Project/Repo-IntegrationProject/Infra/docs/security.md').exists&#10; +  and   False = exists()&#10; +    where exists = ((WindowsPath('C:/Users/Dario/OneDrive - Erasmushogeschool Brussel/Erasmus Hogeschool/2025-2026/Integration Project/Repo-IntegrationProject') / 'docs') / 'security.md').exists">E   AssertionError: Security checklist documentation is missing. Expected 'security.md' in Infra/docs or root docs.
    assert (False or False)
     +  where False = exists()
     +    where exists = WindowsPath('C:/Users/Dario/OneDrive - Erasmushogeschool Brussel/Erasmus Hogeschool/2025-2026/Integration Project/Repo-IntegrationProject/Infra/docs/security.md').exists
     +  and   False = exists()
     +    where exists = ((WindowsPath('C:/Users/Dario/OneDrive - Erasmushogeschool Brussel/Erasmus Hogeschool/2025-2026/Integration Project/Repo-IntegrationProject') / 'docs') / 'security.md').exists</failure></testcase><testcase classname="test_dod_checks.TestDoD_Infra" name="test_rollback_procedure_documented" time="0.002"><failure message="AssertionError: Rollback procedure documentation is missing. Expected 'rollback.md' in Infra/docs or root docs.&#10;assert (False or False)&#10; +  where False = exists()&#10; +    where exists = WindowsPath('C:/Users/Dario/OneDrive - Erasmushogeschool Brussel/Erasmus Hogeschool/2025-2026/Integration Project/Repo-IntegrationProject/Infra/docs/rollback.md').exists&#10; +  and   False = exists()&#10; +    where exists = ((WindowsPath('C:/Users/Dario/OneDrive - Erasmushogeschool Brussel/Erasmus Hogeschool/2025-2026/Integration Project/Repo-IntegrationProject') / 'docs') / 'rollback.md').exists">E   AssertionError: Rollback procedure documentation is missing. Expected 'rollback.md' in Infra/docs or root docs.
    assert (False or False)
     +  where False = exists()
     +    where exists = WindowsPath('C:/Users/Dario/OneDrive - Erasmushogeschool Brussel/Erasmus Hogeschool/2025-2026/Integration Project/Repo-IntegrationProject/Infra/docs/rollback.md').exists
     +  and   False = exists()
     +    where exists = ((WindowsPath('C:/Users/Dario/OneDrive - Erasmushogeschool Brussel/Erasmus Hogeschool/2025-2026/Integration Project/Repo-IntegrationProject') / 'docs') / 'rollback.md').exists</failure></testcase><testcase classname="test_dod_checks.TestDoD_CRM" name="test_supabase_references_removed" time="0.149" /><testcase classname="test_dod_checks.TestDoD_CRM" name="test_unit_tests_exist" time="0.048" /><testcase classname="test_dod_checks.TestDoD_Frontend" name="test_docker_compose_exists" time="0.001" /><testcase classname="test_dod_checks.TestDoD_Frontend" name="test_user_unregistered_sender_exists" time="0.156"><failure message="AssertionError: Could not find 'user_unregistered' event publication in the PHP codebase.&#10;assert False">E   AssertionError: Could not find 'user_unregistered' event publication in the PHP codebase.
    assert False</failure></testcase><testcase classname="test_dod_checks.TestDoD_Facturatie" name="test_dead_letter_queue_configured" time="0.053"><failure message="AssertionError: Dead Letter Queue (DLQ) configuration/handling not found in the Facturatie codebase.&#10;assert False">E   AssertionError: Dead Letter Queue (DLQ) configuration/handling not found in the Facturatie codebase.
    assert False</failure></testcase><testcase classname="test_dod_checks.TestDoD_Controlroom" name="test_logstash_maps_frontend_and_mailing" time="0.002" /><testcase classname="test_dod_checks.TestDoD_Controlroom" name="test_error_handling_documented" time="0.001"><failure message="AssertionError: Error handling documentation is missing. Expected 'error_handling.md'.&#10;assert (False or False)&#10; +  where False = exists()&#10; +    where exists = WindowsPath('C:/Users/Dario/OneDrive - Erasmushogeschool Brussel/Erasmus Hogeschool/2025-2026/Integration Project/Repo-IntegrationProject/monitoring/docs/error_handling.md').exists&#10; +  and   False = exists()&#10; +    where exists = ((WindowsPath('C:/Users/Dario/OneDrive - Erasmushogeschool Brussel/Erasmus Hogeschool/2025-2026/Integration Project/Repo-IntegrationProject') / 'docs') / 'error_handling.md').exists">E   AssertionError: Error handling documentation is missing. Expected 'error_handling.md'.
    assert (False or False)
     +  where False = exists()
     +    where exists = WindowsPath('C:/Users/Dario/OneDrive - Erasmushogeschool Brussel/Erasmus Hogeschool/2025-2026/Integration Project/Repo-IntegrationProject/monitoring/docs/error_handling.md').exists
     +  and   False = exists()
     +    where exists = ((WindowsPath('C:/Users/Dario/OneDrive - Erasmushogeschool Brussel/Erasmus Hogeschool/2025-2026/Integration Project/Repo-IntegrationProject') / 'docs') / 'error_handling.md').exists</failure></testcase><testcase classname="test_dod_checks.TestDoD_Planning" name="test_microsoft_graph_api_integrated" time="0.003" /><testcase classname="test_e2e_flows" name="test_registration_to_mailing_happy_path" time="0.000"><skipped type="pytest.skip" message="E2E tests are gated. Set RUN_E2E=1 to execute against real infra.">C:\Users\Dario\OneDrive - Erasmushogeschool Brussel\Erasmus Hogeschool\2025-2026\Integration Project\Repo-IntegrationProject\integration-tests\test_e2e_flows.py:26: E2E tests are gated. Set RUN_E2E=1 to execute against real infra.</skipped></testcase><testcase classname="test_identity_service_contracts.TestIdentityServiceContract" name="test_create_user_is_idempotent_and_normalizes_email" time="0.399" /><testcase classname="test_identity_service_contracts.TestIdentityServiceContract" name="test_build_ok_response_contains_master_uuid_contract" time="0.010" /><testcase classname="test_identity_service_contracts.TestIdentityServiceContract" name="test_build_error_response_contains_expected_fields" time="0.007" /><testcase classname="test_identity_service_contracts.TestIdentityServiceContract" name="test_publish_user_created_emits_expected_identity_event" time="0.008" /></testsuite></testsuites>